{
  "RSpec": {
    "coverage": {
      "/home/ubuntu/Documents/Hw4/app/controllers/application_controller.rb": [
        1,
        1,
        null
      ],
      "/home/ubuntu/Documents/Hw4/app/helpers/application_helper.rb": [
        1,
        null
      ],
      "/home/ubuntu/Documents/Hw4/app/helpers/movies_helper.rb": [
        1,
        null,
        1,
        0,
        null,
        null
      ],
      "/home/ubuntu/Documents/Hw4/app/controllers/movies_controller.rb": [
        1,
        null,
        1,
        0,
        0,
        null,
        null,
        null,
        1,
        0,
        0,
        null,
        0,
        null,
        0,
        null,
        0,
        0,
        null,
        0,
        0,
        null,
        null,
        0,
        0,
        0,
        0,
        null,
        0,
        null,
        null,
        1,
        null,
        null,
        null,
        1,
        1,
        1,
        1,
        null,
        null,
        1,
        1,
        null,
        null,
        1,
        1,
        1,
        1,
        1,
        null,
        null,
        1,
        1,
        1,
        1,
        1,
        null,
        null,
        1,
        2,
        2,
        2,
        1,
        1,
        null,
        1,
        null,
        null,
        null,
        null
      ],
      "/home/ubuntu/Documents/Hw4/app/models/movie.rb": [
        1,
        1,
        1,
        null,
        null,
        1,
        1,
        null,
        null
      ]
    },
    "timestamp": 1366954804
  },
  "Cucumber Features": {
    "coverage": {
      "/home/ubuntu/Documents/Hw4/app/controllers/application_controller.rb": [
        1,
        1,
        null
      ],
      "/home/ubuntu/Documents/Hw4/app/helpers/application_helper.rb": [
        1,
        null
      ],
      "/home/ubuntu/Documents/Hw4/app/helpers/movies_helper.rb": [
        1,
        null,
        1,
        0,
        null,
        null
      ],
      "/home/ubuntu/Documents/Hw4/app/controllers/movies_controller.rb": [
        1,
        null,
        1,
        9,
        9,
        null,
        null,
        null,
        1,
        14,
        14,
        null,
        2,
        null,
        2,
        null,
        14,
        14,
        null,
        14,
        36,
        null,
        null,
        14,
        4,
        4,
        4,
        null,
        10,
        null,
        null,
        1,
        null,
        null,
        null,
        1,
        0,
        0,
        0,
        null,
        null,
        1,
        5,
        null,
        null,
        1,
        5,
        5,
        5,
        5,
        null,
        null,
        1,
        0,
        0,
        0,
        0,
        null,
        null,
        1,
        2,
        2,
        2,
        1,
        1,
        null,
        1,
        null,
        null,
        null,
        null
      ],
      "/home/ubuntu/Documents/Hw4/app/models/movie.rb": [
        1,
        1,
        14,
        null,
        null,
        1,
        1,
        null,
        null
      ]
    },
    "timestamp": 1366954837
  }
}
